<?xml version="1.0" encoding="UTF-8"?>
<testng-results ignored="0" total="1" passed="1" failed="0" skipped="0">
  <reporter-output>
  </reporter-output>
  <suite started-at="2025-08-06T15:32:48 EDT" name="Default suite" finished-at="2025-08-06T15:33:33 EDT" duration-ms="44754">
    <groups>
    </groups>
    <test started-at="2025-08-06T15:32:48 EDT" name="Default test" finished-at="2025-08-06T15:33:33 EDT" duration-ms="44754">
      <class name="tests.MainTest">
        <test-method is-config="true" signature="config()[pri:0, instance:tests.MainTest@14dd9eb7]" started-at="2025-08-06T15:32:48 EDT" name="config" finished-at="2025-08-06T15:33:03 EDT" duration-ms="14853" status="PASS">
          <reporter-output>
          </reporter-output>
        </test-method> <!-- config -->
        <test-method signature="maintest()[pri:0, instance:tests.MainTest@14dd9eb7]" started-at="2025-08-06T15:33:03 EDT" name="maintest" finished-at="2025-08-06T15:33:30 EDT" duration-ms="27341" status="PASS">
          <reporter-output>
          </reporter-output>
        </test-method> <!-- maintest -->
        <test-method is-config="true" signature="tearDown()[pri:0, instance:tests.MainTest@14dd9eb7]" started-at="2025-08-06T15:33:30 EDT" name="tearDown" finished-at="2025-08-06T15:33:33 EDT" duration-ms="2520" status="PASS">
          <reporter-output>
          </reporter-output>
        </test-method> <!-- tearDown -->
      </class> <!-- tests.MainTest -->
    </test> <!-- Default test -->
  </suite> <!-- Default suite -->
</testng-results>
